Test run completed at: Fri Feb  6 14:55:38 CST 2026
System: Darwin ZMBP1424.local 25.2.0 Darwin Kernel Version 25.2.0: Tue Nov 18 21:09:45 PST 2025; root:xnu-12377.61.12~1/RELEASE_ARM64_T6030 arm64
Rust version: rustc 1.89.0 (29483883e 2025-08-04)
Cargo version: cargo 1.89.0 (c24e10642 2025-06-23)
CPU info:
Mac15,6
11
Memory info:
Mach Virtual Memory Statistics: (page size of 16384 bytes)
Pages free:                               47559.
Pages active:                            781456.
Pages inactive:                          778768.
Pages speculative:                         9002.
Pages throttled:                              0.
Pages wired down:                        267294.
Pages purgeable:                          13822.
"Translation faults":               40092803996.
Pages copy-on-write:                   53884238.
Pages zero filled:                   1282464903.
Pages reactivated:                    141282815.
Pages purged:                          44613905.
File-backed pages:                       545677.
Anonymous pages:                        1023549.
Pages stored in compressor:              858165.
Pages occupied by compressor:            422047.
Decompressions:                        81948318.
Compressions:                          96888686.
Pageins:                               58747342.
Pageouts:                               1306285.
Swapins:                                  30352.
Swapouts:                                 78410.
